:krimo PRIVMSG Bot42 :are_you_human
:server 001 Bot42 :Welcome to the IRC server! Registered successfully
:server 001 Bot42 :Welcome to the IRC server! Registered successfully
:server 443 Bot42 #general :is already on channel
:krimo PRIVMSG Bot42 :!time
:server 001 Bot42 :Welcome to the IRC server! Registered successfully
:server 001 Bot42 :Welcome to the IRC server! Registered successfully
:server 443 Bot42 #general :is already on channel
:krimo PRIVMSG Bot42 :!time
:server 001 Bot42 :Welcome to the IRC server! Registered successfully
:server 001 Bot42 :Welcome to the IRC server! Registered successfully
:server 443 Bot42 #general :is already on channel
:krimo PRIVMSG Bot42 :!time
:krimo PRIVMSG Bot42 :!time
:server 001 Bot42 :Welcome to the IRC server! Registered successfully
:server 001 Bot42 :Welcome to the IRC server! Registered successfully
:server 443 Bot42 #general :is already on channel
:krimo PRIVMSG Bot42 :!time
:server 001 Bot42 :Welcome to the IRC server! Registered successfully
:server 001 Bot42 :Welcome to the IRC server! Registered successfully
:server 443 Bot42 #general :is already on channel
:krimo PRIVMSG Bot42 :!time
:krimo PRIVMSG Bot42 :!kys
:server 001 Bot42 :Welcome to the IRC server! Registered successfully
:server 001 Bot42 :Welcome to the IRC server! Registered successfully
:server 443 Bot42 #general :is already on channel
:krimo PRIVMSG Bot42 :!time
:server 001 Bot42 :Welcome to the IRC server! Registered successfully
:server 001 Bot42 :Welcome to the IRC server! Registered successfully
:server 443 Bot42 #general :is already on channel
:krimo PRIVMSG Bot42 :!time
:server 001 Bot42 :Welcome to the IRC server! Registered successfully
:server 001 Bot42 :Welcome to the IRC server! Registered successfully
:server 443 Bot42 #general :is already on channel
:krimo PRIVMSG Bot42 :!time
ERROR :Invalid PRIVMSG format
:server 401 Bot42 Inval :No such nick/channel
:server 001 Bot42 :Welcome to the IRC server! Registered successfully
:server 001 Bot42 :Welcome to the IRC server! Registered successfully
:server 443 Bot42 #general :is already on channel
:krimo PRIVMSG Bot42 :!time
:server 001 Bot42 :Welcome to the IRC server! Registered successfully
:Bot42!Bot42@0 MODE #general +o Bot42
:Bot42!Bot42@0 JOIN :#general
:server 331 Bot42 #general :No topic is set
:server 353 Bot42 = #general :@Bot42
:server 366 Bot42 #general :End of /NAMES list.
:zaid!zaid@0 JOIN :#general
:zaid PRIVMSG #general :!help
:zaid PRIVMSG #general :hello
:zaid PRIVMSG #general :help
:zaid PRIVMSG #general :good_night
:zaid PRIVMSG #general :night
:zaid PRIVMSG #general :are_you_human
:zaid PRIVMSG #general :!help
:zaid PRIVMSG #general :!time
:zaid PRIVMSG Bot42 :!help
:zaid PRIVMSG Bot42 :!time
:zaid PRIVMSG Bot42 :!date
:server 001 Bot42 :Welcome to the IRC server! Registered successfully
:server 001 Bot42 :Welcome to the IRC server! Registered successfully
:server 443 Bot42 #general :is already on channel
:zaid PRIVMSG Bot42 :!help
:zaid PRIVMSG Bot42 :!hello
:zaid PRIVMSG Bot42 :!time
:server 001 Bot42 :Welcome to the IRC server! Registered successfully
:server 001 Bot42 :Welcome to the IRC server! Registered successfully
:server 443 Bot42 #general :is already on channel
:zaid PRIVMSG Bot42 :!time
:zaid PRIVMSG Bot42 :!date
:zaid PRIVMSG Bot42 :!uptime
:server 001 Bot42 :Welcome to the IRC server! Registered successfully
:server 001 Bot42 :Welcome to the IRC server! Registered successfully
:server 443 Bot42 #general :is already on channel
:zaid PRIVMSG Bot42 :!uptime
:server 001 Bot42 :Welcome to the IRC server! Registered successfully
:server 001 Bot42 :Welcome to the IRC server! Registered successfully
:server 443 Bot42 #general :is already on channel
:zaid PRIVMSG Bot42 :!topic
:zaid PRIVMSG Bot42 :!users
:server 001 Bot42 :Welcome to the IRC server! Registered successfully
:server 001 Bot42 :Welcome to the IRC server! Registered successfully
:server 443 Bot42 #general :is already on channel
:zaid PRIVMSG Bot42 :!list
:zaid PRIVMSG Bot42 :!time
:server 001 Bot42 :Welcome to the IRC server! Registered successfully
:server 001 Bot42 :Welcome to the IRC server! Registered successfully
:server 443 Bot42 #general :is already on channel
:zaid PRIVMSG Bot42 :!users
:zaid PRIVMSG Bot42 :!topic
:zaid PRIVMSG Bot42 :!date
:zaid PRIVMSG Bot42 :!list
:zaid PRIVMSG Bot42 :!time
:zaid PRIVMSG Bot42 :!uptime
:server 001 Bot42 :Welcome to the IRC server! Registered successfully
:server 001 Bot42 :Welcome to the IRC server! Registered successfully
:server 443 Bot42 #general :is already on channel
:zaid PRIVMSG Bot42 :!uptime
:zaid PRIVMSG Bot42 :!uptime
:zaid PRIVMSG Bot42 :!uptime
:server 001 Bot42 :Welcome to the IRC server! Registered successfully
:server 001 Bot42 :Welcome to the IRC server! Registered successfully
:server 443 Bot42 #general :is already on channel
:zaid PRIVMSG Bot42 :!uptime
:zaid PRIVMSG Bot42 :!uptime
:zaid PRIVMSG Bot42 :!uptime
:zaid PRIVMSG Bot42 :!uptime
:zaid PRIVMSG Bot42 :!uptime
:zaid PRIVMSG Bot42 :!uptime
:zaid PRIVMSG Bot42 :!uptime
:zaid PRIVMSG Bot42 :!uptime
:zaid PRIVMSG Bot42 :!uptime
:zaid PRIVMSG Bot42 :!uptime
:zaid PRIVMSG Bot42 :!uptime
:zaid PRIVMSG Bot42 :!uptime
:zaid PRIVMSG Bot42 :!uptime
:zaid PRIVMSG Bot42 :!uptime
:server 001 Bot42 :Welcome to the IRC server! Registered successfully
:server 001 Bot42 :Welcome to the IRC server! Registered successfully
:server 443 Bot42 #general :is already on channel
:zaid PRIVMSG Bot42 :!uptime
:server 001 Bot42 :Welcome to the IRC server! Registered successfully
:server 001 Bot42 :Welcome to the IRC server! Registered successfully
:server 443 Bot42 #general :is already on channel
:zaid PRIVMSG Bot42 :!uptime
:zaid PRIVMSG Bot42 :!uptime
:zaid PRIVMSG Bot42 :!uptime
:zaid PRIVMSG Bot42 :!uptime
:server 001 Bot42 :Welcome to the IRC server! Registered successfully
:server 001 Bot42 :Welcome to the IRC server! Registered successfully
:server 443 Bot42 #general :is already on channel
:zaid PRIVMSG Bot42 :!uptime
:zaid PRIVMSG Bot42 :!uptime
:zaid PRIVMSG Bot42 :!uptime
:zaid PRIVMSG Bot42 :!uptime
:zaid PRIVMSG Bot42 :!uptime
:server 001 Bot42 :Welcome to the IRC server! Registered successfully
:server 001 Bot42 :Welcome to the IRC server! Registered successfully
:server 443 Bot42 #general :is already on channel
:zaid PRIVMSG Bot42 :!uptime
:zaid PRIVMSG Bot42 :!uptime
:zaid PRIVMSG Bot42 :!uptime
:zaid PRIVMSG Bot42 :!uptime
:zaid PRIVMSG Bot42 :!uptime
:server 001 Bot42 :Welcome to the IRC server! Registered successfully
:server 001 Bot42 :Welcome to the IRC server! Registered successfully
:server 443 Bot42 #general :is already on channel
:zaid PRIVMSG Bot42 :!uptime
:zaid PRIVMSG Bot42 :!uptime
:zaid PRIVMSG Bot42 :!uptime
:zaid PRIVMSG Bot42 :!uptime
:server 001 Bot42 :Welcome to the IRC server! Registered successfully
:server 001 Bot42 :Welcome to the IRC server! Registered successfully
:server 443 Bot42 #general :is already on channel
:zaid PRIVMSG Bot42 :!uptime
:zaid PRIVMSG Bot42 :!uptime
:zaid PRIVMSG Bot42 :!uptime
:zaid PRIVMSG Bot42 :!uptime
:server 001 Bot42 :Welcome to the IRC server! Registered successfully
:server 001 Bot42 :Welcome to the IRC server! Registered successfully
:server 443 Bot42 #general :is already on channel
:zaid PRIVMSG Bot42 :!uptime
:zaid PRIVMSG Bot42 :!uptime
:zaid PRIVMSG Bot42 :!uptime
:zaid PRIVMSG Bot42 :!uptime
:zaid PRIVMSG Bot42 :!uptime
:zaid PRIVMSG Bot42 :!uptime
:zaid PRIVMSG Bot42 :!uptime
:zaid PRIVMSG Bot42 :!uptime
:zaid PRIVMSG Bot42 :!topic
:zaid PRIVMSG Bot42 :!asdf
:zaid PRIVMSG Bot42 :!x
:zaid PRIVMSG Bot42 :!m
:zaid PRIVMSG Bot42 :!tele
:zaid PRIVMSG Bot42 :!users
:server 001 Bot42 :Welcome to the IRC server! Registered successfully
:server 001 Bot42 :Welcome to the IRC server! Registered successfully
:server 443 Bot42 #general :is already on channel
:zaid PRIVMSG Bot42 :!help
:zaid PRIVMSG Bot42 :!asdf
:zaid PRIVMSG Bot42 :!uptime
:zaid PRIVMSG Bot42 :!nigga
:zaid PRIVMSG Bot42 :hello
:zaid PRIVMSG Bot42 :good_morning
:zaid PRIVMSG Bot42 :good_night
:zaid PRIVMSG Bot42 :asdf
:zaid PRIVMSG Bot42 :chat
:zaid PRIVMSG Bot42 :chit
:zaid PRIVMSG Bot42 :chit_chat
:zaid PRIVMSG Bot42 :sup boit
:zaid PRIVMSG Bot42 :sup_boi
:zaid PRIVMSG Bot42 :QUIT
:zaid PRIVMSG Bot42 :quit
:server 001 Bot42 :Welcome to the IRC server! Registered successfully
:server 001 Bot42 :Welcome to the IRC server! Registered successfully
:server 443 Bot42 #general :is already on channel
:zaid PRIVMSG Bot42 :!hello
:zaid PRIVMSG Bot42 :!uptime
:server 001 Bot42 :Welcome to the IRC server! Registered successfully
:server 001 Bot42 :Welcome to the IRC server! Registered successfully
:server 443 Bot42 #general :is already on channel
:zaid PRIVMSG Bot42 :!uptime
:zaid PRIVMSG Bot42 :!hello
:server 001 Bot42 :Welcome to the IRC server! Registered successfully
:server 001 Bot42 :Welcome to the IRC server! Registered successfully
:server 443 Bot42 #general :is already on channel
:zaid PRIVMSG Bot42 :!hello
:zaid PRIVMSG Bot42 :!uptime
:zaid PRIVMSG Bot42 :!nigga
:server 001 Bot42 :Welcome to the IRC server! Registered successfully
:server 001 Bot42 :Welcome to the IRC server! Registered successfully
:server 443 Bot42 #general :is already on channel
:server 001 Bot42 :Welcome to the IRC server! Registered successfully
:server 001 Bot42 :Welcome to the IRC server! Registered successfully
:server 443 Bot42 #general :is already on channel
:server 001 Bot42 :Welcome to the IRC server! Registered successfully
:Bot42!Bot42@0 MODE #general +o Bot42
:Bot42!Bot42@0 JOIN :#general
:server 331 Bot42 #general :No topic is set
:server 353 Bot42 = #general :@Bot42
:server 366 Bot42 #general :End of /NAMES list.
